<?xml version="1.0" encoding="UTF-8"?>
<!-- Generated by org.testng.reporters.JUnitReportReporter -->
<testsuite hostname="LAPTOP-JDJD3TR6" failures="0" tests="1" name="Nupur.NewMavenProject1.FirstTest" time="7.204" errors="0" timestamp="2021-06-05T19:49:46 IST" skipped="0">
  <testcase classname="Nupur.NewMavenProject1.FirstTest" name="verifySearchButton" time="7.204"/>
  <system-out/>
</testsuite> <!-- Nupur.NewMavenProject1.FirstTest -->
